<?xml version="1.0" encoding="UTF-8"?>
<!-- Generated by org.testng.reporters.JUnitReportReporter -->
<testsuite skipped="0" hostname="LAPTOP-TVAG3KE3" name="executionScript.TC_1" tests="1" failures="0" timestamp="2023-11-17T16:50:54 IST" time="8.076" errors="0">
  <testcase name="LaunchWebExcel" time="8.076" classname="executionScript.TC_1"/>
  <system-out/>
</testsuite> <!-- executionScript.TC_1 -->
